This is pdfTeX, Version 3.14159265-2.6-1.40.17 (MiKTeX 2.9.6210 64-bit) (preloaded format=pdflatex 2017.4.4)  10 APR 2017 10:40
entering extended mode
**./pagegardeMaster.tex
(pagegardeMaster.tex
LaTeX2e <2017/01/01> patch level 1
Babel <3.9r> and hyphenation patterns for 75 language(s) loaded.

! LaTeX Error: Missing \begin{document}.

See the LaTeX manual or LaTeX Companion for explanation.
Type  H <return>  for immediate help.
 ...                                              
                                                  
l.1 \begin{center}
                  
You're in trouble here.  Try typing  <return>  to proceed.
If that doesn't work, type  X <return>  to quit.


Overfull \hbox (20.0pt too wide) in paragraph at lines 1--1
[] 
 []

! Undefined control sequence.
l.4 \center{\large
                  {\textsc{Universit\'e de Manouba}}}
The control sequence at the end of the top line
of your error message was never \def'ed. If you have
misspelled it (e.g., `\hobx'), type `I' and the correct
spelling (e.g., `I\hbox'). Otherwise just continue,
and I'll forget about whatever was undefined.


Overfull \hbox (54.11636pt too wide) in paragraph at lines 4--6
 \OT1/cmr/m/sc/10 Universit[]e 
 []


Overfull \hbox (11.82217pt too wide) in paragraph at lines 4--6
 \OT1/cmr/m/sc/10 de 
 []


Overfull \hbox (46.57756pt too wide) in paragraph at lines 4--6
 \OT1/cmr/m/sc/10 Manouba 
 []

! Undefined control sequence.
l.6 \center{\large
                  {\textsc{Institut Sup\'erieur des Arts Multimédia}}}
The control sequence at the end of the top line
of your error message was never \def'ed. If you have
misspelled it (e.g., `\hobx'), type `I' and the correct
spelling (e.g., `I\hbox'). Otherwise just continue,
and I'll forget about whatever was undefined.

Missing character: There is no é in font cmcsc10!

! LaTeX Error: Environment figure undefined.

See the LaTeX manual or LaTeX Companion for explanation.
Type  H <return>  for immediate help.
 ...                                              
                                                  
l.7 \begin{figure}
                   [H]
Your command was ignored.
Type  I <command> <return>  to replace it with another command,
or  <return>  to continue without it.

Missing character: There is no [ in font nullfont!
Missing character: There is no H in font nullfont!
Missing character: There is no ] in font nullfont!

Overfull \hbox (41.6553pt too wide) in paragraph at lines 6--8
 \OT1/cmr/m/sc/10 Institut 
 []


Overfull \hbox (50.1775pt too wide) in paragraph at lines 6--8
 \OT1/cmr/m/sc/10 Sup[]erieur 
 []


Overfull \hbox (16.39993pt too wide) in paragraph at lines 6--8
 \OT1/cmr/m/sc/10 des 
 []


Overfull \hbox (23.98315pt too wide) in paragraph at lines 6--8
 \OT1/cmr/m/sc/10 Arts 
 []


Overfull \hbox (24.93314pt too wide) in paragraph at lines 6--8
 \OT1/cmr/m/sc/10 Mul- 
 []


Overfull \hbox (12.71101pt too wide) in paragraph at lines 6--8
 \OT1/cmr/m/sc/10 ti- 
 []


Overfull \hbox (11.24437pt too wide) in paragraph at lines 6--8
 \OT1/cmr/m/sc/10 m- 
 []


Overfull \hbox (15.39995pt too wide) in paragraph at lines 6--8
 \OT1/cmr/m/sc/10 dia 
 []

! Undefined control sequence.
l.9 \includegraphics
                     [width=2.5cm]{91.png}
The control sequence at the end of the top line
of your error message was never \def'ed. If you have
misspelled it (e.g., `\hobx'), type `I' and the correct
spelling (e.g., `I\hbox'). Otherwise just continue,
and I'll forget about whatever was undefined.

Missing character: There is no [ in font nullfont!
Missing character: There is no w in font nullfont!
Missing character: There is no i in font nullfont!
Missing character: There is no d in font nullfont!
Missing character: There is no t in font nullfont!
Missing character: There is no h in font nullfont!
Missing character: There is no = in font nullfont!
Missing character: There is no 2 in font nullfont!
Missing character: There is no . in font nullfont!
Missing character: There is no 5 in font nullfont!
Missing character: There is no c in font nullfont!
Missing character: There is no m in font nullfont!
Missing character: There is no ] in font nullfont!
Missing character: There is no 9 in font nullfont!
Missing character: There is no 1 in font nullfont!
Missing character: There is no . in font nullfont!
Missing character: There is no p in font nullfont!
Missing character: There is no n in font nullfont!
Missing character: There is no g in font nullfont!

! LaTeX Error: \begin{center} on input line 1 ended by \end{figure}.

See the LaTeX manual or LaTeX Companion for explanation.
Type  H <return>  for immediate help.
 ...                                              
                                                  
l.11 \end{figure}
                 
Your command was ignored.
Type  I <command> <return>  to replace it with another command,
or  <return>  to continue without it.

! Undefined control sequence.
l.19 {\Large
            {\textsc{Achievement of the requirement of the degree of
The control sequence at the end of the top line
of your error message was never \def'ed. If you have
misspelled it (e.g., `\hobx'), type `I' and the correct
spelling (e.g., `I\hbox'). Otherwise just continue,
and I'll forget about whatever was undefined.


Overfull \hbox (65.29129pt too wide) in paragraph at lines 20--21
 []\OT1/cmr/m/sc/10 Achievement 
 []


Overfull \hbox (11.71107pt too wide) in paragraph at lines 20--21
 \OT1/cmr/m/sc/10 of 
 []


Overfull \hbox (17.62213pt too wide) in paragraph at lines 20--21
 \OT1/cmr/m/sc/10 the 
 []


Overfull \hbox (15.37769pt too wide) in paragraph at lines 20--21
 \OT1/cmr/m/sc/10 re- 
 []


Overfull \hbox (30.88873pt too wide) in paragraph at lines 20--21
 \OT1/cmr/m/sc/10 quire- 
 []


Overfull \hbox (25.08876pt too wide) in paragraph at lines 20--21
 \OT1/cmr/m/sc/10 ment 
 []


Overfull \hbox (11.71107pt too wide) in paragraph at lines 20--21
 \OT1/cmr/m/sc/10 of 
 []


Overfull \hbox (17.62213pt too wide) in paragraph at lines 20--21
 \OT1/cmr/m/sc/10 the 
 []


Overfull \hbox (15.59991pt too wide) in paragraph at lines 20--21
 \OT1/cmr/m/sc/10 de- 
 []


Overfull \hbox (23.58876pt too wide) in paragraph at lines 20--21
 \OT1/cmr/m/sc/10 gree 
 []


Overfull \hbox (11.71107pt too wide) in paragraph at lines 20--21
 \OT1/cmr/m/sc/10 of 
 []


Overfull \hbox (41.98032pt too wide) in paragraph at lines 20--21
 \OT1/cmr/m/sc/10 Diploma 
 []


Overfull \hbox (9.15552pt too wide) in paragraph at lines 20--21
 \OT1/cmr/m/sc/10 in 
 []


Overfull \hbox (25.46094pt too wide) in paragraph at lines 20--21
 \OT1/cmr/m/sc/10 Com- 
 []


Overfull \hbox (29.22208pt too wide) in paragraph at lines 20--21
 \OT1/cmr/m/sc/10 puter 
 []


Overfull \hbox (18.82205pt too wide) in paragraph at lines 20--21
 \OT1/cmr/m/sc/10 Sci- 
 []


Overfull \hbox (23.19987pt too wide) in paragraph at lines 20--21
 \OT1/cmr/m/sc/10 ence 
 []


Overfull \hbox (18.51106pt too wide) in paragraph at lines 20--21
 \OT1/cmr/m/sc/10 and 
 []


Overfull \hbox (24.93314pt too wide) in paragraph at lines 20--21
 \OT1/cmr/m/sc/10 Mul- 
 []


Overfull \hbox (12.71101pt too wide) in paragraph at lines 20--21
 \OT1/cmr/m/sc/10 ti- 
 []


Overfull \hbox (16.82211pt too wide) in paragraph at lines 20--21
 \OT1/cmr/m/sc/10 me- 
 []


Overfull \hbox (15.39995pt too wide) in paragraph at lines 20--21
 \OT1/cmr/m/sc/10 dia 
 []


Overfull \hbox (17.32764pt too wide) in paragraph at lines 20--21
 \OT1/cmr/m/sc/10 En- 
 []


Overfull \hbox (13.21101pt too wide) in paragraph at lines 20--21
 \OT1/cmr/m/sc/10 gi- 
 []


Overfull \hbox (27.08875pt too wide) in paragraph at lines 20--21
 \OT1/cmr/m/sc/10 neer- 
 []


Overfull \hbox (15.56659pt too wide) in paragraph at lines 20--21
 \OT1/cmr/m/sc/10 ing 
 []


Overfull \hbox (48.84412pt too wide) in paragraph at lines 22--24
 \OT1/cmr/m/sc/10 Specialty 
 []

! Undefined control sequence.
l.24 \center{\small
                   {\textsc{Computer Science and Multimedia}}}
The control sequence at the end of the top line
of your error message was never \def'ed. If you have
misspelled it (e.g., `\hobx'), type `I' and the correct
spelling (e.g., `I\hbox'). Otherwise just continue,
and I'll forget about whatever was undefined.


Overfull \hbox (50.90527pt too wide) in paragraph at lines 24--25
 \OT1/cmr/m/sc/10 Computer 
 []


Overfull \hbox (18.82205pt too wide) in paragraph at lines 24--25
 \OT1/cmr/m/sc/10 Sci- 
 []


Overfull \hbox (23.19987pt too wide) in paragraph at lines 24--25
 \OT1/cmr/m/sc/10 ence 
 []


Overfull \hbox (18.51106pt too wide) in paragraph at lines 24--25
 \OT1/cmr/m/sc/10 and 
 []


Overfull \hbox (24.93314pt too wide) in paragraph at lines 24--25
 \OT1/cmr/m/sc/10 Mul- 
 []


Overfull \hbox (12.71101pt too wide) in paragraph at lines 24--25
 \OT1/cmr/m/sc/10 ti- 
 []


Overfull \hbox (16.82211pt too wide) in paragraph at lines 24--25
 \OT1/cmr/m/sc/10 me- 
 []


Overfull \hbox (15.39995pt too wide) in paragraph at lines 24--25
 \OT1/cmr/m/sc/10 dia 
 []


Overfull \hbox (35.44423pt too wide) in paragraph at lines 25--27
 \OT1/cmr/m/sc/10 Option 
 []

! Undefined control sequence.
l.27 \center{\small
                   {\textsc{Software engineering}}}
The control sequence at the end of the top line
of your error message was never \def'ed. If you have
misspelled it (e.g., `\hobx'), type `I' and the correct
spelling (e.g., `I\hbox'). Otherwise just continue,
and I'll forget about whatever was undefined.


Overfull \hbox (48.93309pt too wide) in paragraph at lines 27--39
 \OT1/cmr/m/sc/10 Software 
 []


Overfull \hbox (15.4888pt too wide) in paragraph at lines 27--39
 \OT1/cmr/m/sc/10 en- 
 []


Overfull \hbox (13.21101pt too wide) in paragraph at lines 27--39
 \OT1/cmr/m/sc/10 gi- 
 []


Overfull \hbox (27.08875pt too wide) in paragraph at lines 27--39
 \OT1/cmr/m/sc/10 neer- 
 []


Overfull \hbox (15.56659pt too wide) in paragraph at lines 27--39
 \OT1/cmr/m/sc/10 ing 
 []

! Undefined control sequence.
<recently read> \large 
                       
l.40 ...er data on sustainable development goals}}
                                                  } % en maj
The control sequence at the end of the top line
of your error message was never \def'ed. If you have
misspelled it (e.g., `\hobx'), type `I' and the correct
spelling (e.g., `I\hbox'). Otherwise just continue,
and I'll forget about whatever was undefined.


Overfull \hbox (42.20389pt too wide) in paragraph at lines 40--42
 \OT1/cmr/bx/n/10 Analysis 
 []


Overfull \hbox (9.26384pt too wide) in paragraph at lines 40--42
 \OT1/cmr/bx/n/10 of 
 []


Overfull \hbox (23.9582pt too wide) in paragraph at lines 40--42
 \OT1/cmr/bx/n/10 twit- 
 []


Overfull \hbox (14.47911pt too wide) in paragraph at lines 40--42
 \OT1/cmr/bx/n/10 ter 
 []


Overfull \hbox (22.0415pt too wide) in paragraph at lines 40--42
 \OT1/cmr/bx/n/10 data 
 []


Overfull \hbox (12.13882pt too wide) in paragraph at lines 40--42
 \OT1/cmr/bx/n/10 on 
 []


Overfull \hbox (19.29431pt too wide) in paragraph at lines 40--42
 \OT1/cmr/bx/n/10 sus- 
 []


Overfull \hbox (23.47902pt too wide) in paragraph at lines 40--42
 \OT1/cmr/bx/n/10 tain- 
 []


Overfull \hbox (20.44432pt too wide) in paragraph at lines 40--42
 \OT1/cmr/bx/n/10 able 
 []


Overfull \hbox (15.49298pt too wide) in paragraph at lines 40--42
 \OT1/cmr/bx/n/10 de- 
 []


Overfull \hbox (18.04852pt too wide) in paragraph at lines 40--42
 \OT1/cmr/bx/n/10 vel- 
 []


Overfull \hbox (15.97214pt too wide) in paragraph at lines 40--42
 \OT1/cmr/bx/n/10 op- 
 []


Overfull \hbox (25.3957pt too wide) in paragraph at lines 40--42
 \OT1/cmr/bx/n/10 ment 
 []


Overfull \hbox (24.82066pt too wide) in paragraph at lines 40--42
 \OT1/cmr/bx/n/10 goals 
 []

! Undefined control sequence.
l.46 \center{\large
                   {\textsc{Ines Aouadi}}}
The control sequence at the end of the top line
of your error message was never \def'ed. If you have
misspelled it (e.g., `\hobx'), type `I' and the correct
spelling (e.g., `I\hbox'). Otherwise just continue,
and I'll forget about whatever was undefined.


Overfull \hbox (20.34431pt too wide) in paragraph at lines 46--48
 \OT1/cmr/m/sc/10 Ines 
 []


Overfull \hbox (35.73593pt too wide) in paragraph at lines 46--48
 \OT1/cmr/m/sc/10 Aouadi 
 []


! LaTeX Error: Environment table undefined.

See the LaTeX manual or LaTeX Companion for explanation.
Type  H <return>  for immediate help.
 ...                                              
                                                  
l.52 \begin{table}
                   [H]
Your command was ignored.
Type  I <command> <return>  to replace it with another command,
or  <return>  to continue without it.

Missing character: There is no [ in font nullfont!
Missing character: There is no H in font nullfont!
Missing character: There is no ] in font nullfont!
LaTeX Font Info:    External font `cmex10' loaded for size
(Font)              <7> on input line 56.
LaTeX Font Info:    External font `cmex10' loaded for size
(Font)              <5> on input line 56.
! Undefined control sequence.
\@sharp ->\small 
                 {\textsc {Pedagogic advisors :}}
l.57 ...l} {\small{\textsc{Pedagogic advisors :}}}
                                                  
The control sequence at the end of the top line
of your error message was never \def'ed. If you have
misspelled it (e.g., `\hobx'), type `I' and the correct
spelling (e.g., `I\hbox'). Otherwise just continue,
and I'll forget about whatever was undefined.


! LaTeX Error: \begin{center} on input line 1 ended by \end{table}.

See the LaTeX manual or LaTeX Companion for explanation.
Type  H <return>  for immediate help.
 ...                                              
                                                  
l.63 \end{table}
                
Your command was ignored.
Type  I <command> <return>  to replace it with another command,
or  <return>  to continue without it.


Overfull \hbox (116.63274pt too wide) in paragraph at lines 52--64
 [] 
 []

! Undefined control sequence.
l.74  \footnotesize
                   {Research Unit: Centre de Recherche sur les Communaut\'es...
The control sequence at the end of the top line
of your error message was never \def'ed. If you have
misspelled it (e.g., `\hobx'), type `I' and the correct
spelling (e.g., `I\hbox'). Otherwise just continue,
and I'll forget about whatever was undefined.

Missing character: There is no R in font nullfont!
Missing character: There is no e in font nullfont!
Missing character: There is no s in font nullfont!
Missing character: There is no e in font nullfont!
Missing character: There is no a in font nullfont!
Missing character: There is no r in font nullfont!
Missing character: There is no c in font nullfont!
Missing character: There is no h in font nullfont!
Missing character: There is no U in font nullfont!
Missing character: There is no n in font nullfont!
Missing character: There is no i in font nullfont!
Missing character: There is no t in font nullfont!
Missing character: There is no : in font nullfont!
Missing character: There is no C in font nullfont!
Missing character: There is no e in font nullfont!
Missing character: There is no n in font nullfont!
Missing character: There is no t in font nullfont!
Missing character: There is no r in font nullfont!
Missing character: There is no e in font nullfont!
Missing character: There is no d in font nullfont!
Missing character: There is no e in font nullfont!
Missing character: There is no R in font nullfont!
Missing character: There is no e in font nullfont!
Missing character: There is no c in font nullfont!
Missing character: There is no h in font nullfont!
Missing character: There is no e in font nullfont!
Missing character: There is no r in font nullfont!
Missing character: There is no c in font nullfont!
Missing character: There is no h in font nullfont!
Missing character: There is no e in font nullfont!
Missing character: There is no s in font nullfont!
Missing character: There is no u in font nullfont!
Missing character: There is no r in font nullfont!
Missing character: There is no l in font nullfont!
Missing character: There is no e in font nullfont!
Missing character: There is no s in font nullfont!
Missing character: There is no C in font nullfont!
Missing character: There is no o in font nullfont!
Missing character: There is no m in font nullfont!
Missing character: There is no m in font nullfont!
Missing character: There is no u in font nullfont!
Missing character: There is no n in font nullfont!
Missing character: There is no a in font nullfont!
Missing character: There is no u in font nullfont!
Missing character: There is no t in font nullfont!
LaTeX Font Info:    Try loading font information for +cmr on input line 74.
LaTeX Font Info:    No file cmr.fd. on input line 74.

LaTeX Font Warning: Font shape `/cmr/m/n' undefined
(Font)              using `/cmr/m/n' instead on input line 74.

! Corrupted NFSS tables.
wrong@fontshape ...message {Corrupted NFSS tables}
                                                  error@fontshape else let f...
l.74 ...: Centre de Recherche sur les Communaut\'e
                                                  s Intelligentes }  %à supp...
This error message was generated by an \errmessage
command, so I can't give any explicit help.
Pretend that you're Hercule Poirot: Examine all clues,
and deduce the truth by order and method.


LaTeX Font Warning: Font shape `/cmr/m/n' undefined
(Font)              using `OT1/cmr/m/n' instead on input line 74.

Missing character: There is no s in font nullfont!
Missing character: There is no I in font nullfont!
Missing character: There is no n in font nullfont!
Missing character: There is no t in font nullfont!
Missing character: There is no e in font nullfont!
Missing character: There is no l in font nullfont!
Missing character: There is no l in font nullfont!
Missing character: There is no i in font nullfont!
Missing character: There is no g in font nullfont!
Missing character: There is no e in font nullfont!
Missing character: There is no n in font nullfont!
Missing character: There is no t in font nullfont!
Missing character: There is no e in font nullfont!
Missing character: There is no s in font nullfont!
)
! Emergency stop.
<*> ./pagegardeMaster.tex
                         
*** (job aborted, no legal \end found)

 
Here is how much of TeX's memory you used:
 28 strings out of 493333
 306 string characters out of 3139224
 57255 words of memory out of 3000000
 3655 multiletter control sequences out of 15000+200000
 4249 words of font info for 16 fonts, out of 3000000 for 9000
 1141 hyphenation exceptions out of 8191
 19i,7n,16p,218b,234s stack positions out of 5000i,500n,10000p,200000b,50000s
!  ==> Fatal error occurred, no output PDF file produced!
